<?xml version="1.0" encoding="UTF-8"?>
<!-- Generated by org.testng.reporters.JUnitXMLReporter -->
<testsuite ignored="0" hostname="LAPTOP-GAUPM6CM" failures="0" tests="3" name="Default test" time="34.392" errors="0" timestamp="2025-03-15T19:54:39 IST">
  <testcase classname="radiocheckwebtables.CheckBox" name="checkBoxTest1" time="0.112"/>
  <testcase classname="radiocheckwebtables.CheckBox" name="checkBoxTest2" time="3.176"/>
  <testcase classname="radiocheckwebtables.CheckBox" name="checkBoxTest3" time="6.19"/>
</testsuite> <!-- Default test -->
