<?xml version="1.0" encoding="UTF-8"?>
<testng-results ignored="0" total="1" passed="1" failed="0" skipped="0">
  <reporter-output>
  </reporter-output>
  <suite started-at="2025-03-07T19:28:23 IST" name="Default suite" finished-at="2025-03-07T19:28:38 IST" duration-ms="15292">
    <groups>
    </groups>
    <test started-at="2025-03-07T19:28:23 IST" name="Default test" finished-at="2025-03-07T19:28:38 IST" duration-ms="15292">
      <class name="miscellenousactions.MouseHover">
        <test-method is-config="true" signature="setUp()[pri:0, instance:miscellenousactions.MouseHover@5f9b2141]" started-at="2025-03-07T19:28:23 IST" name="setUp" finished-at="2025-03-07T19:28:28 IST" duration-ms="4526" status="PASS">
          <reporter-output>
          </reporter-output>
        </test-method> <!-- setUp -->
        <test-method signature="mouseHoverTest()[pri:0, instance:miscellenousactions.MouseHover@5f9b2141]" started-at="2025-03-07T19:28:28 IST" name="mouseHoverTest" finished-at="2025-03-07T19:28:36 IST" duration-ms="8276" status="PASS">
          <reporter-output>
          </reporter-output>
        </test-method> <!-- mouseHoverTest -->
        <test-method is-config="true" signature="teardown()[pri:0, instance:miscellenousactions.MouseHover@5f9b2141]" started-at="2025-03-07T19:28:36 IST" name="teardown" finished-at="2025-03-07T19:28:38 IST" duration-ms="2461" status="PASS">
          <reporter-output>
          </reporter-output>
        </test-method> <!-- teardown -->
      </class> <!-- miscellenousactions.MouseHover -->
    </test> <!-- Default test -->
  </suite> <!-- Default suite -->
</testng-results>
